0 verbose cli /Users/macuser/.nvm/versions/node/v22.21.1/bin/node /Users/macuser/.nvm/versions/node/v22.21.1/bin/npm
1 info using npm@10.9.4
2 info using node@v22.21.1
3 silly config load:file:/Users/macuser/.nvm/versions/node/v22.21.1/lib/node_modules/npm/npmrc
4 silly config load:file:/Users/macuser/Documents/develop/test-upload/.npmrc
5 silly config load:file:/Users/macuser/.npmrc
6 silly config load:file:/Users/macuser/.nvm/versions/node/v22.21.1/etc/npmrc
7 verbose title npm install axios formik yup lucide-react
8 verbose argv "install" "axios" "formik" "yup" "lucide-react"
9 verbose logfile logs-max:10 dir:/Users/macuser/Documents/develop/test-upload/local_npm/_logs/2026-05-03T19_04_23_629Z-
10 verbose logfile /Users/macuser/Documents/develop/test-upload/local_npm/_logs/2026-05-03T19_04_23_629Z-debug-0.log
11 silly logfile done cleaning log files
12 silly packumentCache heap:4345298944 maxSize:1086324736 maxEntrySize:543162368
13 silly idealTree buildDeps
14 silly fetch manifest axios@*
15 silly packumentCache full:https://registry.npmjs.org/axios cache-miss
16 http fetch GET 200 https://registry.npmjs.org/axios 143ms (cache miss)
17 silly packumentCache full:https://registry.npmjs.org/axios set size:undefined disposed:false
18 silly fetch manifest formik@*
19 silly packumentCache full:https://registry.npmjs.org/formik cache-miss
20 http fetch GET 200 https://registry.npmjs.org/npm 247ms
21 http fetch GET 200 https://registry.npmjs.org/formik 209ms (cache miss)
22 silly packumentCache full:https://registry.npmjs.org/formik set size:undefined disposed:false
23 silly fetch manifest react@19.2.4
24 silly packumentCache full:https://registry.npmjs.org/react cache-miss
25 http fetch GET 200 https://registry.npmjs.org/react 183ms (cache miss)
26 silly packumentCache full:https://registry.npmjs.org/react set size:undefined disposed:false
27 silly fetch manifest yup@*
28 silly packumentCache full:https://registry.npmjs.org/yup cache-miss
29 http fetch GET 200 https://registry.npmjs.org/yup 203ms (cache miss)
30 silly packumentCache full:https://registry.npmjs.org/yup set size:undefined disposed:false
31 silly fetch manifest lucide-react@*
32 silly packumentCache full:https://registry.npmjs.org/lucide-react cache-miss
33 http fetch GET 200 https://registry.npmjs.org/lucide-react 246ms (cache miss)
34 silly packumentCache full:https://registry.npmjs.org/lucide-react set size:undefined disposed:false
35 silly placeDep ROOT axios@1.16.0 OK for: test-upload@0.1.0 want: *
36 silly placeDep ROOT formik@2.4.9 OK for: test-upload@0.1.0 want: *
37 silly placeDep ROOT lucide-react@1.14.0 OK for: test-upload@0.1.0 want: *
38 silly placeDep ROOT yup@1.7.1 OK for: test-upload@0.1.0 want: *
39 silly fetch manifest follow-redirects@^1.16.0
40 silly packumentCache full:https://registry.npmjs.org/follow-redirects cache-miss
41 silly fetch manifest form-data@^4.0.5
42 silly packumentCache full:https://registry.npmjs.org/form-data cache-miss
43 silly fetch manifest proxy-from-env@^2.1.0
44 silly packumentCache full:https://registry.npmjs.org/proxy-from-env cache-miss
45 silly fetch manifest @types/hoist-non-react-statics@^3.3.1
46 silly packumentCache full:https://registry.npmjs.org/@types%2fhoist-non-react-statics cache-miss
47 silly fetch manifest deepmerge@^2.1.1
48 silly packumentCache full:https://registry.npmjs.org/deepmerge cache-miss
49 silly fetch manifest hoist-non-react-statics@^3.3.0
50 silly packumentCache full:https://registry.npmjs.org/hoist-non-react-statics cache-miss
51 silly fetch manifest lodash@^4.17.21
52 silly packumentCache full:https://registry.npmjs.org/lodash cache-miss
53 http fetch GET 200 https://registry.npmjs.org/form-data 56ms (cache miss)
54 silly packumentCache full:https://registry.npmjs.org/form-data set size:undefined disposed:false
55 silly fetch manifest lodash-es@^4.17.21
56 silly packumentCache full:https://registry.npmjs.org/lodash-es cache-miss
57 http fetch GET 200 https://registry.npmjs.org/follow-redirects 60ms (cache miss)
58 silly packumentCache full:https://registry.npmjs.org/follow-redirects set size:undefined disposed:false
59 silly fetch manifest react-fast-compare@^2.0.1
60 silly packumentCache full:https://registry.npmjs.org/react-fast-compare cache-miss
61 http fetch GET 200 https://registry.npmjs.org/proxy-from-env 112ms (cache miss)
62 silly packumentCache full:https://registry.npmjs.org/proxy-from-env set size:undefined disposed:false
63 silly fetch manifest tiny-warning@^1.0.2
64 silly packumentCache full:https://registry.npmjs.org/tiny-warning cache-miss
65 http fetch GET 200 https://registry.npmjs.org/deepmerge 113ms (cache miss)
66 silly packumentCache full:https://registry.npmjs.org/deepmerge set size:undefined disposed:false
67 silly fetch manifest property-expr@^2.0.5
68 silly packumentCache full:https://registry.npmjs.org/property-expr cache-miss
69 http fetch GET 200 https://registry.npmjs.org/hoist-non-react-statics 118ms (cache miss)
70 silly packumentCache full:https://registry.npmjs.org/hoist-non-react-statics set size:undefined disposed:false
71 silly fetch manifest tiny-case@^1.0.3
72 silly packumentCache full:https://registry.npmjs.org/tiny-case cache-miss
73 http fetch GET 200 https://registry.npmjs.org/lodash 127ms (cache miss)
74 silly packumentCache full:https://registry.npmjs.org/lodash set size:undefined disposed:false
75 silly fetch manifest toposort@^2.0.2
76 silly packumentCache full:https://registry.npmjs.org/toposort cache-miss
77 http fetch GET 200 https://registry.npmjs.org/react-fast-compare 187ms (cache miss)
78 silly packumentCache full:https://registry.npmjs.org/react-fast-compare set size:undefined disposed:false
79 silly fetch manifest type-fest@^2.19.0
80 silly packumentCache full:https://registry.npmjs.org/type-fest cache-miss
81 http fetch GET 200 https://registry.npmjs.org/lodash-es 195ms (cache miss)
82 silly packumentCache full:https://registry.npmjs.org/lodash-es set size:undefined disposed:false
83 http fetch GET 200 https://registry.npmjs.org/tiny-case 189ms (cache miss)
84 silly packumentCache full:https://registry.npmjs.org/tiny-case set size:undefined disposed:false
85 http fetch GET 200 https://registry.npmjs.org/tiny-warning 197ms (cache miss)
86 silly packumentCache full:https://registry.npmjs.org/tiny-warning set size:undefined disposed:false
87 http fetch GET 200 https://registry.npmjs.org/property-expr 194ms (cache miss)
88 silly packumentCache full:https://registry.npmjs.org/property-expr set size:undefined disposed:false
89 http fetch GET 200 https://registry.npmjs.org/type-fest 60ms (cache miss)
90 silly packumentCache full:https://registry.npmjs.org/type-fest set size:undefined disposed:false
91 http fetch GET 200 https://registry.npmjs.org/toposort 186ms (cache miss)
92 silly packumentCache full:https://registry.npmjs.org/toposort set size:undefined disposed:false
93 http fetch GET 200 https://registry.npmjs.org/@types%2fhoist-non-react-statics 396ms (cache miss)
94 silly packumentCache full:https://registry.npmjs.org/@types%2fhoist-non-react-statics set size:undefined disposed:false
95 silly placeDep ROOT follow-redirects@1.16.0 OK for: axios@1.16.0 want: ^1.16.0
96 silly placeDep ROOT form-data@4.0.5 OK for: axios@1.16.0 want: ^4.0.5
97 silly placeDep ROOT proxy-from-env@2.1.0 OK for: axios@1.16.0 want: ^2.1.0
98 silly fetch manifest asynckit@^0.4.0
99 silly packumentCache full:https://registry.npmjs.org/asynckit cache-miss
100 silly fetch manifest combined-stream@^1.0.8
101 silly packumentCache full:https://registry.npmjs.org/combined-stream cache-miss
102 silly fetch manifest mime-types@^2.1.12
103 silly packumentCache full:https://registry.npmjs.org/mime-types cache-miss
104 http fetch GET 200 https://registry.npmjs.org/asynckit 35ms (cache miss)
105 silly packumentCache full:https://registry.npmjs.org/asynckit set size:undefined disposed:false
106 http fetch GET 200 https://registry.npmjs.org/combined-stream 39ms (cache miss)
107 silly packumentCache full:https://registry.npmjs.org/combined-stream set size:undefined disposed:false
108 http fetch GET 200 https://registry.npmjs.org/mime-types 43ms (cache miss)
109 silly packumentCache full:https://registry.npmjs.org/mime-types set size:undefined disposed:false
110 silly placeDep ROOT asynckit@0.4.0 OK for: form-data@4.0.5 want: ^0.4.0
111 silly placeDep ROOT combined-stream@1.0.8 OK for: form-data@4.0.5 want: ^1.0.8
112 silly placeDep ROOT mime-types@2.1.35 OK for: form-data@4.0.5 want: ^2.1.12
113 silly fetch manifest delayed-stream@~1.0.0
114 silly packumentCache full:https://registry.npmjs.org/delayed-stream cache-miss
115 silly fetch manifest mime-db@1.52.0
116 silly packumentCache full:https://registry.npmjs.org/mime-db cache-miss
117 http fetch GET 200 https://registry.npmjs.org/delayed-stream 36ms (cache miss)
118 silly packumentCache full:https://registry.npmjs.org/delayed-stream set size:undefined disposed:false
119 http fetch GET 200 https://registry.npmjs.org/mime-db 50ms (cache miss)
120 silly packumentCache full:https://registry.npmjs.org/mime-db set size:undefined disposed:false
121 silly placeDep ROOT delayed-stream@1.0.0 OK for: combined-stream@1.0.8 want: ~1.0.0
122 silly fetch manifest @types/react@*
123 silly packumentCache full:https://registry.npmjs.org/@types%2freact cache-miss
124 http fetch GET 200 https://registry.npmjs.org/@types%2freact 124ms (cache miss)
125 silly packumentCache full:https://registry.npmjs.org/@types%2freact set size:undefined disposed:false
126 silly placeDep ROOT @types/hoist-non-react-statics@3.3.7 OK for: formik@2.4.9 want: ^3.3.1
127 silly placeDep ROOT deepmerge@2.2.1 OK for: formik@2.4.9 want: ^2.1.1
128 silly placeDep ROOT hoist-non-react-statics@3.3.2 OK for: formik@2.4.9 want: ^3.3.0
129 silly placeDep ROOT lodash@4.18.1 OK for: formik@2.4.9 want: ^4.17.21
130 silly placeDep ROOT lodash-es@4.18.1 OK for: formik@2.4.9 want: ^4.17.21
131 silly placeDep ROOT react-fast-compare@2.0.4 OK for: formik@2.4.9 want: ^2.0.1
132 silly placeDep ROOT tiny-warning@1.0.3 OK for: formik@2.4.9 want: ^1.0.2
133 silly placeDep ROOT mime-db@1.52.0 OK for: mime-types@2.1.35 want: 1.52.0
134 silly placeDep ROOT property-expr@2.0.6 OK for: yup@1.7.1 want: ^2.0.5
135 silly placeDep ROOT tiny-case@1.0.3 OK for: yup@1.7.1 want: ^1.0.3
136 silly placeDep ROOT toposort@2.0.2 OK for: yup@1.7.1 want: ^2.0.2
137 silly placeDep ROOT type-fest@2.19.0 OK for: yup@1.7.1 want: ^2.19.0
138 silly reify moves {}
139 verbose reify failed optional dependency /Users/macuser/Documents/develop/test-upload/node_modules/@tailwindcss/oxide-wasm32-wasi
140 silly reify mark deleted [
140 silly reify   '/Users/macuser/Documents/develop/test-upload/node_modules/@tailwindcss/oxide-wasm32-wasi'
140 silly reify ]
141 silly audit bulk request {
141 silly audit   '@alloc/quick-lru': [ '5.2.0' ],
141 silly audit   '@babel/code-frame': [ '7.29.0' ],
141 silly audit   '@babel/compat-data': [ '7.29.3' ],
141 silly audit   '@babel/core': [ '7.29.0' ],
141 silly audit   '@babel/generator': [ '7.29.1' ],
141 silly audit   '@babel/helper-compilation-targets': [ '7.28.6' ],
141 silly audit   '@babel/helper-globals': [ '7.28.0' ],
141 silly audit   '@babel/helper-module-imports': [ '7.28.6' ],
141 silly audit   '@babel/helper-module-transforms': [ '7.28.6' ],
141 silly audit   '@babel/helper-string-parser': [ '7.27.1' ],
141 silly audit   '@babel/helper-validator-identifier': [ '7.28.5' ],
141 silly audit   '@babel/helper-validator-option': [ '7.27.1' ],
141 silly audit   '@babel/helpers': [ '7.29.2' ],
141 silly audit   '@babel/parser': [ '7.29.3' ],
141 silly audit   '@babel/template': [ '7.28.6' ],
141 silly audit   '@babel/traverse': [ '7.29.0' ],
141 silly audit   '@babel/types': [ '7.29.0' ],
141 silly audit   '@emnapi/core': [ '1.10.0' ],
141 silly audit   '@emnapi/runtime': [ '1.10.0' ],
141 silly audit   '@emnapi/wasi-threads': [ '1.2.1' ],
141 silly audit   '@eslint-community/eslint-utils': [ '4.9.1' ],
141 silly audit   'eslint-visitor-keys': [ '3.4.3', '5.0.1', '4.2.1' ],
141 silly audit   '@eslint-community/regexpp': [ '4.12.2' ],
141 silly audit   '@eslint/config-array': [ '0.21.2' ],
141 silly audit   '@eslint/config-helpers': [ '0.4.2' ],
141 silly audit   '@eslint/core': [ '0.17.0' ],
141 silly audit   '@eslint/eslintrc': [ '3.3.5' ],
141 silly audit   '@eslint/js': [ '9.39.4' ],
141 silly audit   '@eslint/object-schema': [ '2.1.7' ],
141 silly audit   '@eslint/plugin-kit': [ '0.4.1' ],
141 silly audit   '@humanfs/core': [ '0.19.2' ],
141 silly audit   '@humanfs/node': [ '0.16.8' ],
141 silly audit   '@humanfs/types': [ '0.15.0' ],
141 silly audit   '@humanwhocodes/module-importer': [ '1.0.1' ],
141 silly audit   '@humanwhocodes/retry': [ '0.4.3' ],
141 silly audit   '@img/colour': [ '1.1.0' ],
141 silly audit   '@img/sharp-darwin-arm64': [ '0.34.5' ],
141 silly audit   '@img/sharp-darwin-x64': [ '0.34.5' ],
141 silly audit   '@img/sharp-libvips-darwin-arm64': [ '1.2.4' ],
141 silly audit   '@img/sharp-libvips-darwin-x64': [ '1.2.4' ],
141 silly audit   '@img/sharp-libvips-linux-arm': [ '1.2.4' ],
141 silly audit   '@img/sharp-libvips-linux-arm64': [ '1.2.4' ],
141 silly audit   '@img/sharp-libvips-linux-ppc64': [ '1.2.4' ],
141 silly audit   '@img/sharp-libvips-linux-riscv64': [ '1.2.4' ],
141 silly audit   '@img/sharp-libvips-linux-s390x': [ '1.2.4' ],
141 silly audit   '@img/sharp-libvips-linux-x64': [ '1.2.4' ],
141 silly audit   '@img/sharp-libvips-linuxmusl-arm64': [ '1.2.4' ],
141 silly audit   '@img/sharp-libvips-linuxmusl-x64': [ '1.2.4' ],
141 silly audit   '@img/sharp-linux-arm': [ '0.34.5' ],
141 silly audit   '@img/sharp-linux-arm64': [ '0.34.5' ],
141 silly audit   '@img/sharp-linux-ppc64': [ '0.34.5' ],
141 silly audit   '@img/sharp-linux-riscv64': [ '0.34.5' ],
141 silly audit   '@img/sharp-linux-s390x': [ '0.34.5' ],
141 silly audit   '@img/sharp-linux-x64': [ '0.34.5' ],
141 silly audit   '@img/sharp-linuxmusl-arm64': [ '0.34.5' ],
141 silly audit   '@img/sharp-linuxmusl-x64': [ '0.34.5' ],
141 silly audit   '@img/sharp-wasm32': [ '0.34.5' ],
141 silly audit   '@img/sharp-win32-arm64': [ '0.34.5' ],
141 silly audit   '@img/sharp-win32-ia32': [ '0.34.5' ],
141 silly audit   '@img/sharp-win32-x64': [ '0.34.5' ],
141 silly audit   '@jridgewell/gen-mapping': [ '0.3.13' ],
141 silly audit   '@jridgewell/remapping': [ '2.3.5' ],
141 silly audit   '@jridgewell/resolve-uri': [ '3.1.2' ],
141 silly audit   '@jridgewell/sourcemap-codec': [ '1.5.5' ],
141 silly audit   '@jridgewell/trace-mapping': [ '0.3.31' ],
141 silly audit   '@napi-rs/wasm-runtime': [ '0.2.12' ],
141 silly audit   '@next/env': [ '16.2.4' ],
141 silly audit   '@next/eslint-plugin-next': [ '16.2.4' ],
141 silly audit   '@next/swc-darwin-arm64': [ '16.2.4' ],
141 silly audit   '@next/swc-darwin-x64': [ '16.2.4' ],
141 silly audit   '@next/swc-linux-arm64-gnu': [ '16.2.4' ],
141 silly audit   '@next/swc-linux-arm64-musl': [ '16.2.4' ],
141 silly audit   '@next/swc-linux-x64-gnu': [ '16.2.4' ],
141 silly audit   '@next/swc-linux-x64-musl': [ '16.2.4' ],
141 silly audit   '@next/swc-win32-arm64-msvc': [ '16.2.4' ],
141 silly audit   '@next/swc-win32-x64-msvc': [ '16.2.4' ],
141 silly audit   '@nodelib/fs.scandir': [ '2.1.5' ],
141 silly audit   '@nodelib/fs.stat': [ '2.0.5' ],
141 silly audit   '@nodelib/fs.walk': [ '1.2.8' ],
141 silly audit   '@nolyfill/is-core-module': [ '1.0.39' ],
141 silly audit   '@rtsao/scc': [ '1.1.0' ],
141 silly audit   '@swc/helpers': [ '0.5.15' ],
141 silly audit   '@tailwindcss/node': [ '4.2.4' ],
141 silly audit   '@tailwindcss/oxide': [ '4.2.4' ],
141 silly audit   '@tailwindcss/oxide-android-arm64': [ '4.2.4' ],
141 silly audit   '@tailwindcss/oxide-darwin-arm64': [ '4.2.4' ],
141 silly audit   '@tailwindcss/oxide-darwin-x64': [ '4.2.4' ],
141 silly audit   '@tailwindcss/oxide-freebsd-x64': [ '4.2.4' ],
141 silly audit   '@tailwindcss/oxide-linux-arm-gnueabihf': [ '4.2.4' ],
141 silly audit   '@tailwindcss/oxide-linux-arm64-gnu': [ '4.2.4' ],
141 silly audit   '@tailwindcss/oxide-linux-arm64-musl': [ '4.2.4' ],
141 silly audit   '@tailwindcss/oxide-linux-x64-gnu': [ '4.2.4' ],
141 silly audit   '@tailwindcss/oxide-linux-x64-musl': [ '4.2.4' ],
141 silly audit   '@tailwindcss/oxide-win32-arm64-msvc': [ '4.2.4' ],
141 silly audit   '@tailwindcss/oxide-win32-x64-msvc': [ '4.2.4' ],
141 silly audit   '@tailwindcss/postcss': [ '4.2.4' ],
141 silly audit   '@tybys/wasm-util': [ '0.10.1' ],
141 silly audit   '@types/estree': [ '1.0.8' ],
141 silly audit   '@types/json-schema': [ '7.0.15' ],
141 silly audit   '@types/json5': [ '0.0.29' ],
141 silly audit   '@types/node': [ '20.19.39' ],
141 silly audit   '@types/react': [ '19.2.14' ],
141 silly audit   '@types/react-dom': [ '19.2.3' ],
141 silly audit   '@typescript-eslint/eslint-plugin': [ '8.59.1' ],
141 silly audit   ignore: [ '7.0.5', '5.3.2' ],
141 silly audit   '@typescript-eslint/parser': [ '8.59.1' ],
141 silly audit   '@typescript-eslint/project-service': [ '8.59.1' ],
141 silly audit   '@typescript-eslint/scope-manager': [ '8.59.1' ],
141 silly audit   '@typescript-eslint/tsconfig-utils': [ '8.59.1' ],
141 silly audit   '@typescript-eslint/type-utils': [ '8.59.1' ],
141 silly audit   '@typescript-eslint/types': [ '8.59.1' ],
141 silly audit   '@typescript-eslint/typescript-estree': [ '8.59.1' ],
141 silly audit   'balanced-match': [ '4.0.4', '1.0.2' ],
141 silly audit   'brace-expansion': [ '5.0.5', '1.1.14' ],
141 silly audit   minimatch: [ '10.2.5', '3.1.5' ],
141 silly audit   semver: [ '7.7.4', '6.3.1' ],
141 silly audit   '@typescript-eslint/utils': [ '8.59.1' ],
141 silly audit   '@typescript-eslint/visitor-keys': [ '8.59.1' ],
141 silly audit   '@unrs/resolver-binding-android-arm-eabi': [ '1.11.1' ],
141 silly audit   '@unrs/resolver-binding-android-arm64': [ '1.11.1' ],
141 silly audit   '@unrs/resolver-binding-darwin-arm64': [ '1.11.1' ],
141 silly audit   '@unrs/resolver-binding-darwin-x64': [ '1.11.1' ],
141 silly audit   '@unrs/resolver-binding-freebsd-x64': [ '1.11.1' ],
141 silly audit   '@unrs/resolver-binding-linux-arm-gnueabihf': [ '1.11.1' ],
141 silly audit   '@unrs/resolver-binding-linux-arm-musleabihf': [ '1.11.1' ],
141 silly audit   '@unrs/resolver-binding-linux-arm64-gnu': [ '1.11.1' ],
141 silly audit   '@unrs/resolver-binding-linux-arm64-musl': [ '1.11.1' ],
141 silly audit   '@unrs/resolver-binding-linux-ppc64-gnu': [ '1.11.1' ],
141 silly audit   '@unrs/resolver-binding-linux-riscv64-gnu': [ '1.11.1' ],
141 silly audit   '@unrs/resolver-binding-linux-riscv64-musl': [ '1.11.1' ],
141 silly audit   '@unrs/resolver-binding-linux-s390x-gnu': [ '1.11.1' ],
141 silly audit   '@unrs/resolver-binding-linux-x64-gnu': [ '1.11.1' ],
141 silly audit   '@unrs/resolver-binding-linux-x64-musl': [ '1.11.1' ],
141 silly audit   '@unrs/resolver-binding-wasm32-wasi': [ '1.11.1' ],
141 silly audit   '@unrs/resolver-binding-win32-arm64-msvc': [ '1.11.1' ],
141 silly audit   '@unrs/resolver-binding-win32-ia32-msvc': [ '1.11.1' ],
141 silly audit   '@unrs/resolver-binding-win32-x64-msvc': [ '1.11.1' ],
141 silly audit   acorn: [ '8.16.0' ],
141 silly audit   'acorn-jsx': [ '5.3.2' ],
141 silly audit   ajv: [ '6.15.0' ],
141 silly audit   'ansi-styles': [ '4.3.0' ],
141 silly audit   argparse: [ '2.0.1' ],
141 silly audit   'aria-query': [ '5.3.2' ],
141 silly audit   'array-buffer-byte-length': [ '1.0.2' ],
141 silly audit   'array-includes': [ '3.1.9' ],
141 silly audit   'array.prototype.findlast': [ '1.2.5' ],
141 silly audit   'array.prototype.findlastindex': [ '1.2.6' ],
141 silly audit   'array.prototype.flat': [ '1.3.3' ],
141 silly audit   'array.prototype.flatmap': [ '1.3.3' ],
141 silly audit   'array.prototype.tosorted': [ '1.1.4' ],
141 silly audit   'arraybuffer.prototype.slice': [ '1.0.4' ],
141 silly audit   'ast-types-flow': [ '0.0.8' ],
141 silly audit   'async-function': [ '1.0.0' ],
141 silly audit   'available-typed-arrays': [ '1.0.7' ],
141 silly audit   'axe-core': [ '4.11.4' ],
141 silly audit   'axobject-query': [ '4.1.0' ],
141 silly audit   'baseline-browser-mapping': [ '2.10.27' ],
141 silly audit   braces: [ '3.0.3' ],
141 silly audit   browserslist: [ '4.28.2' ],
141 silly audit   'call-bind': [ '1.0.9' ],
141 silly audit   'call-bind-apply-helpers': [ '1.0.2' ],
141 silly audit   'call-bound': [ '1.0.4' ],
141 silly audit   callsites: [ '3.1.0' ],
141 silly audit   'caniuse-lite': [ '1.0.30001791' ],
141 silly audit   chalk: [ '4.1.2' ],
141 silly audit   'client-only': [ '0.0.1' ],
141 silly audit   'color-convert': [ '2.0.1' ],
141 silly audit   'color-name': [ '1.1.4' ],
141 silly audit   'concat-map': [ '0.0.1' ],
141 silly audit   'convert-source-map': [ '2.0.0' ],
141 silly audit   'cross-spawn': [ '7.0.6' ],
141 silly audit   csstype: [ '3.2.3' ],
141 silly audit   'damerau-levenshtein': [ '1.0.8' ],
141 silly audit   'data-view-buffer': [ '1.0.2' ],
141 silly audit   'data-view-byte-length': [ '1.0.2' ],
141 silly audit   'data-view-byte-offset': [ '1.0.1' ],
141 silly audit   debug: [ '4.4.3', '3.2.7' ],
141 silly audit   'deep-is': [ '0.1.4' ],
141 silly audit   'define-data-property': [ '1.1.4' ],
141 silly audit   'define-properties': [ '1.2.1' ],
141 silly audit   'detect-libc': [ '2.1.2' ],
141 silly audit   doctrine: [ '2.1.0' ],
141 silly audit   'dunder-proto': [ '1.0.1' ],
141 silly audit   'electron-to-chromium': [ '1.5.349' ],
141 silly audit   'emoji-regex': [ '9.2.2' ],
141 silly audit   'enhanced-resolve': [ '5.21.0' ],
141 silly audit   'es-abstract': [ '1.24.2' ],
141 silly audit   'es-define-property': [ '1.0.1' ],
141 silly audit   'es-errors': [ '1.3.0' ],
141 silly audit   'es-iterator-helpers': [ '1.3.2' ],
141 silly audit   'es-object-atoms': [ '1.1.1' ],
141 silly audit   'es-set-tostringtag': [ '2.1.0' ],
141 silly audit   'es-shim-unscopables': [ '1.1.0' ],
141 silly audit   'es-to-primitive': [ '1.3.0' ],
141 silly audit   escalade: [ '3.2.0' ],
141 silly audit   'escape-string-regexp': [ '4.0.0' ],
141 silly audit   eslint: [ '9.39.4' ],
141 silly audit   'eslint-config-next': [ '16.2.4' ],
141 silly audit   globals: [ '16.4.0', '14.0.0' ],
141 silly audit   'eslint-import-resolver-node': [ '0.3.10' ],
141 silly audit   'eslint-import-resolver-typescript': [ '3.10.1' ],
141 silly audit   'eslint-module-utils': [ '2.12.1' ],
141 silly audit   'eslint-plugin-import': [ '2.32.0' ],
141 silly audit   'eslint-plugin-jsx-a11y': [ '6.10.2' ],
141 silly audit   'eslint-plugin-react': [ '7.37.5' ],
141 silly audit   'eslint-plugin-react-hooks': [ '7.1.1' ],
141 silly audit   'eslint-scope': [ '8.4.0' ],
141 silly audit   espree: [ '10.4.0' ],
141 silly audit   esquery: [ '1.7.0' ],
141 silly audit   esrecurse: [ '4.3.0' ],
141 silly audit   estraverse: [ '5.3.0' ],
141 silly audit   esutils: [ '2.0.3' ],
141 silly audit   'fast-deep-equal': [ '3.1.3' ],
141 silly audit   'fast-glob': [ '3.3.1' ],
141 silly audit   'glob-parent': [ '5.1.2', '6.0.2' ],
141 silly audit   'fast-json-stable-stringify': [ '2.1.0' ],
141 silly audit   'fast-levenshtein': [ '2.0.6' ],
141 silly audit   fastq: [ '1.20.1' ],
141 silly audit   'file-entry-cache': [ '8.0.0' ],
141 silly audit   'fill-range': [ '7.1.1' ],
141 silly audit   'find-up': [ '5.0.0' ],
141 silly audit   'flat-cache': [ '4.0.1' ],
141 silly audit   flatted: [ '3.4.2' ],
141 silly audit   'for-each': [ '0.3.5' ],
141 silly audit   'function-bind': [ '1.1.2' ],
141 silly audit   'function.prototype.name': [ '1.1.8' ],
141 silly audit   'functions-have-names': [ '1.2.3' ],
141 silly audit   'generator-function': [ '2.0.1' ],
141 silly audit   gensync: [ '1.0.0-beta.2' ],
141 silly audit   'get-intrinsic': [ '1.3.0' ],
141 silly audit   'get-proto': [ '1.0.1' ],
141 silly audit   'get-symbol-description': [ '1.1.0' ],
141 silly audit   'get-tsconfig': [ '4.14.0' ],
141 silly audit   globalthis: [ '1.0.4' ],
141 silly audit   gopd: [ '1.2.0' ],
141 silly audit   'graceful-fs': [ '4.2.11' ],
141 silly audit   'has-bigints': [ '1.1.0' ],
141 silly audit   'has-flag': [ '4.0.0' ],
141 silly audit   'has-property-descriptors': [ '1.0.2' ],
141 silly audit   'has-proto': [ '1.2.0' ],
141 silly audit   'has-symbols': [ '1.1.0' ],
141 silly audit   'has-tostringtag': [ '1.0.2' ],
141 silly audit   hasown: [ '2.0.3' ],
141 silly audit   'hermes-estree': [ '0.25.1' ],
141 silly audit   'hermes-parser': [ '0.25.1' ],
141 silly audit   'import-fresh': [ '3.3.1' ],
141 silly audit   imurmurhash: [ '0.1.4' ],
141 silly audit   'internal-slot': [ '1.1.0' ],
141 silly audit   'is-array-buffer': [ '3.0.5' ],
141 silly audit   'is-async-function': [ '2.1.1' ],
141 silly audit   'is-bigint': [ '1.1.0' ],
141 silly audit   'is-boolean-object': [ '1.2.2' ],
141 silly audit   'is-bun-module': [ '2.0.0' ],
141 silly audit   'is-callable': [ '1.2.7' ],
141 silly audit   'is-core-module': [ '2.16.1' ],
141 silly audit   'is-data-view': [ '1.0.2' ],
141 silly audit   'is-date-object': [ '1.1.0' ],
141 silly audit   'is-extglob': [ '2.1.1' ],
141 silly audit   'is-finalizationregistry': [ '1.1.1' ],
141 silly audit   'is-generator-function': [ '1.1.2' ],
141 silly audit   'is-glob': [ '4.0.3' ],
141 silly audit   'is-map': [ '2.0.3' ],
141 silly audit   'is-negative-zero': [ '2.0.3' ],
141 silly audit   'is-number': [ '7.0.0' ],
141 silly audit   'is-number-object': [ '1.1.1' ],
141 silly audit   'is-regex': [ '1.2.1' ],
141 silly audit   'is-set': [ '2.0.3' ],
141 silly audit   'is-shared-array-buffer': [ '1.0.4' ],
141 silly audit   'is-string': [ '1.1.1' ],
141 silly audit   'is-symbol': [ '1.1.1' ],
141 silly audit   'is-typed-array': [ '1.1.15' ],
141 silly audit   'is-weakmap': [ '2.0.2' ],
141 silly audit   'is-weakref': [ '1.1.1' ],
141 silly audit   'is-weakset': [ '2.0.4' ],
141 silly audit   isarray: [ '2.0.5' ],
141 silly audit   isexe: [ '2.0.0' ],
141 silly audit   'iterator.prototype': [ '1.1.5' ],
141 silly audit   jiti: [ '2.6.1' ],
141 silly audit   'js-tokens': [ '4.0.0' ],
141 silly audit   'js-yaml': [ '4.1.1' ],
141 silly audit   jsesc: [ '3.1.0' ],
141 silly audit   'json-buffer': [ '3.0.1' ],
141 silly audit   'json-schema-traverse': [ '0.4.1' ],
141 silly audit   'json-stable-stringify-without-jsonify': [ '1.0.1' ],
141 silly audit   json5: [ '2.2.3', '1.0.2' ],
141 silly audit   'jsx-ast-utils': [ '3.3.5' ],
141 silly audit   keyv: [ '4.5.4' ],
141 silly audit   'language-subtag-registry': [ '0.3.23' ],
141 silly audit   'language-tags': [ '1.0.9' ],
141 silly audit   levn: [ '0.4.1' ],
141 silly audit   lightningcss: [ '1.32.0' ],
141 silly audit   'lightningcss-android-arm64': [ '1.32.0' ],
141 silly audit   'lightningcss-darwin-arm64': [ '1.32.0' ],
141 silly audit   'lightningcss-darwin-x64': [ '1.32.0' ],
141 silly audit   'lightningcss-freebsd-x64': [ '1.32.0' ],
141 silly audit   'lightningcss-linux-arm-gnueabihf': [ '1.32.0' ],
141 silly audit   'lightningcss-linux-arm64-gnu': [ '1.32.0' ],
141 silly audit   'lightningcss-linux-arm64-musl': [ '1.32.0' ],
141 silly audit   'lightningcss-linux-x64-gnu': [ '1.32.0' ],
141 silly audit   'lightningcss-linux-x64-musl': [ '1.32.0' ],
141 silly audit   'lightningcss-win32-arm64-msvc': [ '1.32.0' ],
141 silly audit   'lightningcss-win32-x64-msvc': [ '1.32.0' ],
141 silly audit   'locate-path': [ '6.0.0' ],
141 silly audit   'lodash.merge': [ '4.6.2' ],
141 silly audit   'loose-envify': [ '1.4.0' ],
141 silly audit   'lru-cache': [ '5.1.1' ],
141 silly audit   'magic-string': [ '0.30.21' ],
141 silly audit   'math-intrinsics': [ '1.1.0' ],
141 silly audit   merge2: [ '1.4.1' ],
141 silly audit   micromatch: [ '4.0.8' ],
141 silly audit   minimist: [ '1.2.8' ],
141 silly audit   ms: [ '2.1.3' ],
141 silly audit   nanoid: [ '3.3.12' ],
141 silly audit   'napi-postinstall': [ '0.3.4' ],
141 silly audit   'natural-compare': [ '1.4.0' ],
141 silly audit   next: [ '16.2.4' ],
141 silly audit   postcss: [ '8.4.31', '8.5.13' ],
141 silly audit   'node-exports-info': [ '1.6.0' ],
141 silly audit   'node-releases': [ '2.0.38' ],
141 silly audit   'object-assign': [ '4.1.1' ],
141 silly audit   'object-inspect': [ '1.13.4' ],
141 silly audit   'object-keys': [ '1.1.1' ],
141 silly audit   'object.assign': [ '4.1.7' ],
141 silly audit   'object.entries': [ '1.1.9' ],
141 silly audit   'object.fromentries': [ '2.0.8' ],
141 silly audit   'object.groupby': [ '1.0.3' ],
141 silly audit   'object.values': [ '1.2.1' ],
141 silly audit   optionator: [ '0.9.4' ],
141 silly audit   'own-keys': [ '1.0.1' ],
141 silly audit   'p-limit': [ '3.1.0' ],
141 silly audit   'p-locate': [ '5.0.0' ],
141 silly audit   'parent-module': [ '1.0.1' ],
141 silly audit   'path-exists': [ '4.0.0' ],
141 silly audit   'path-key': [ '3.1.1' ],
141 silly audit   'path-parse': [ '1.0.7' ],
141 silly audit   picocolors: [ '1.1.1' ],
141 silly audit   picomatch: [ '2.3.2', '4.0.4' ],
141 silly audit   'possible-typed-array-names': [ '1.1.0' ],
141 silly audit   'prelude-ls': [ '1.2.1' ],
141 silly audit   'prop-types': [ '15.8.1' ],
141 silly audit   punycode: [ '2.3.1' ],
141 silly audit   'queue-microtask': [ '1.2.3' ],
141 silly audit   react: [ '19.2.4' ],
141 silly audit   'react-dom': [ '19.2.4' ],
141 silly audit   'react-is': [ '16.13.1' ],
141 silly audit   'reflect.getprototypeof': [ '1.0.10' ],
141 silly audit   'regexp.prototype.flags': [ '1.5.4' ],
141 silly audit   resolve: [ '2.0.0-next.6' ],
141 silly audit   'resolve-from': [ '4.0.0' ],
141 silly audit   'resolve-pkg-maps': [ '1.0.0' ],
141 silly audit   reusify: [ '1.1.0' ],
141 silly audit   'run-parallel': [ '1.2.0' ],
141 silly audit   'safe-array-concat': [ '1.1.4' ],
141 silly audit   'safe-push-apply': [ '1.0.0' ],
141 silly audit   'safe-regex-test': [ '1.1.0' ],
141 silly audit   scheduler: [ '0.27.0' ],
141 silly audit   'set-function-length': [ '1.2.2' ],
141 silly audit   'set-function-name': [ '2.0.2' ],
141 silly audit   'set-proto': [ '1.0.0' ],
141 silly audit   sharp: [ '0.34.5' ],
141 silly audit   'shebang-command': [ '2.0.0' ],
141 silly audit   'shebang-regex': [ '3.0.0' ],
141 silly audit   'side-channel': [ '1.1.0' ],
141 silly audit   'side-channel-list': [ '1.0.1' ],
141 silly audit   'side-channel-map': [ '1.0.1' ],
141 silly audit   'side-channel-weakmap': [ '1.0.2' ],
141 silly audit   'source-map-js': [ '1.2.1' ],
141 silly audit   'stable-hash': [ '0.0.5' ],
141 silly audit   'stop-iteration-iterator': [ '1.1.0' ],
141 silly audit   'string.prototype.includes': [ '2.0.1' ],
141 silly audit   'string.prototype.matchall': [ '4.0.12' ],
141 silly audit   'string.prototype.repeat': [ '1.0.0' ],
141 silly audit   'string.prototype.trim': [ '1.2.10' ],
141 silly audit   'string.prototype.trimend': [ '1.0.9' ],
141 silly audit   'string.prototype.trimstart': [ '1.0.8' ],
141 silly audit   'strip-bom': [ '3.0.0' ],
141 silly audit   'strip-json-comments': [ '3.1.1' ],
141 silly audit   'styled-jsx': [ '5.1.6' ],
141 silly audit   'supports-color': [ '7.2.0' ],
141 silly audit   'supports-preserve-symlinks-flag': [ '1.0.0' ],
141 silly audit   tailwindcss: [ '4.2.4' ],
141 silly audit   tapable: [ '2.3.3' ],
141 silly audit   tinyglobby: [ '0.2.16' ],
141 silly audit   fdir: [ '6.5.0' ],
141 silly audit   'to-regex-range': [ '5.0.1' ],
141 silly audit   'ts-api-utils': [ '2.5.0' ],
141 silly audit   'tsconfig-paths': [ '3.15.0' ],
141 silly audit   tslib: [ '2.8.1' ],
141 silly audit   'type-check': [ '0.4.0' ],
141 silly audit   'typed-array-buffer': [ '1.0.3' ],
141 silly audit   'typed-array-byte-length': [ '1.0.3' ],
141 silly audit   'typed-array-byte-offset': [ '1.0.4' ],
141 silly audit   'typed-array-length': [ '1.0.7' ],
141 silly audit   typescript: [ '5.9.3' ],
141 silly audit   'typescript-eslint': [ '8.59.1' ],
141 silly audit   'unbox-primitive': [ '1.1.0' ],
141 silly audit   'undici-types': [ '6.21.0' ],
141 silly audit   'unrs-resolver': [ '1.11.1' ],
141 silly audit   'update-browserslist-db': [ '1.2.3' ],
141 silly audit   'uri-js': [ '4.4.1' ],
141 silly audit   which: [ '2.0.2' ],
141 silly audit   'which-boxed-primitive': [ '1.1.1' ],
141 silly audit   'which-builtin-type': [ '1.2.1' ],
141 silly audit   'which-collection': [ '1.0.2' ],
141 silly audit   'which-typed-array': [ '1.1.20' ],
141 silly audit   'word-wrap': [ '1.2.5' ],
141 silly audit   yallist: [ '3.1.1' ],
141 silly audit   'yocto-queue': [ '0.1.0' ],
141 silly audit   zod: [ '4.4.2' ],
141 silly audit   'zod-validation-error': [ '4.0.2' ],
141 silly audit   axios: [ '1.16.0' ],
141 silly audit   formik: [ '2.4.9' ],
141 silly audit   'lucide-react': [ '1.14.0' ],
141 silly audit   yup: [ '1.7.1' ],
141 silly audit   'follow-redirects': [ '1.16.0' ],
141 silly audit   'form-data': [ '4.0.5' ],
141 silly audit   'proxy-from-env': [ '2.1.0' ],
141 silly audit   asynckit: [ '0.4.0' ],
141 silly audit   'combined-stream': [ '1.0.8' ],
141 silly audit   'mime-types': [ '2.1.35' ],
141 silly audit   'delayed-stream': [ '1.0.0' ],
141 silly audit   '@types/hoist-non-react-statics': [ '3.3.7' ],
141 silly audit   deepmerge: [ '2.2.1' ],
141 silly audit   'hoist-non-react-statics': [ '3.3.2' ],
141 silly audit   lodash: [ '4.18.1' ],
141 silly audit   'lodash-es': [ '4.18.1' ],
141 silly audit   'react-fast-compare': [ '2.0.4' ],
141 silly audit   'tiny-warning': [ '1.0.3' ],
141 silly audit   'mime-db': [ '1.52.0' ],
141 silly audit   'property-expr': [ '2.0.6' ],
141 silly audit   'tiny-case': [ '1.0.3' ],
141 silly audit   toposort: [ '2.0.2' ],
141 silly audit   'type-fest': [ '2.19.0' ],
141 silly audit   '@tailwindcss/oxide-wasm32-wasi': [ '4.2.4' ]
141 silly audit }
142 verbose reify failed optional dependency /Users/macuser/Documents/develop/test-upload/node_modules/lightningcss-win32-x64-msvc
143 silly reify mark deleted [
143 silly reify   '/Users/macuser/Documents/develop/test-upload/node_modules/lightningcss-win32-x64-msvc'
143 silly reify ]
144 verbose reify failed optional dependency /Users/macuser/Documents/develop/test-upload/node_modules/lightningcss-win32-arm64-msvc
145 silly reify mark deleted [
145 silly reify   '/Users/macuser/Documents/develop/test-upload/node_modules/lightningcss-win32-arm64-msvc'
145 silly reify ]
146 verbose reify failed optional dependency /Users/macuser/Documents/develop/test-upload/node_modules/lightningcss-linux-x64-musl
147 silly reify mark deleted [
147 silly reify   '/Users/macuser/Documents/develop/test-upload/node_modules/lightningcss-linux-x64-musl'
147 silly reify ]
148 verbose reify failed optional dependency /Users/macuser/Documents/develop/test-upload/node_modules/lightningcss-linux-x64-gnu
149 silly reify mark deleted [
149 silly reify   '/Users/macuser/Documents/develop/test-upload/node_modules/lightningcss-linux-x64-gnu'
149 silly reify ]
150 verbose reify failed optional dependency /Users/macuser/Documents/develop/test-upload/node_modules/lightningcss-linux-arm64-musl
151 silly reify mark deleted [
151 silly reify   '/Users/macuser/Documents/develop/test-upload/node_modules/lightningcss-linux-arm64-musl'
151 silly reify ]
152 verbose reify failed optional dependency /Users/macuser/Documents/develop/test-upload/node_modules/lightningcss-linux-arm64-gnu
153 silly reify mark deleted [
153 silly reify   '/Users/macuser/Documents/develop/test-upload/node_modules/lightningcss-linux-arm64-gnu'
153 silly reify ]
154 verbose reify failed optional dependency /Users/macuser/Documents/develop/test-upload/node_modules/lightningcss-linux-arm-gnueabihf
155 silly reify mark deleted [
155 silly reify   '/Users/macuser/Documents/develop/test-upload/node_modules/lightningcss-linux-arm-gnueabihf'
155 silly reify ]
156 verbose reify failed optional dependency /Users/macuser/Documents/develop/test-upload/node_modules/lightningcss-freebsd-x64
157 silly reify mark deleted [
157 silly reify   '/Users/macuser/Documents/develop/test-upload/node_modules/lightningcss-freebsd-x64'
157 silly reify ]
158 verbose reify failed optional dependency /Users/macuser/Documents/develop/test-upload/node_modules/lightningcss-darwin-x64
159 silly reify mark deleted [
159 silly reify   '/Users/macuser/Documents/develop/test-upload/node_modules/lightningcss-darwin-x64'
159 silly reify ]
160 verbose reify failed optional dependency /Users/macuser/Documents/develop/test-upload/node_modules/lightningcss-android-arm64
161 silly reify mark deleted [
161 silly reify   '/Users/macuser/Documents/develop/test-upload/node_modules/lightningcss-android-arm64'
161 silly reify ]
162 verbose reify failed optional dependency /Users/macuser/Documents/develop/test-upload/node_modules/@unrs/resolver-binding-win32-x64-msvc
163 silly reify mark deleted [
163 silly reify   '/Users/macuser/Documents/develop/test-upload/node_modules/@unrs/resolver-binding-win32-x64-msvc'
163 silly reify ]
164 verbose reify failed optional dependency /Users/macuser/Documents/develop/test-upload/node_modules/@unrs/resolver-binding-win32-ia32-msvc
165 silly reify mark deleted [
165 silly reify   '/Users/macuser/Documents/develop/test-upload/node_modules/@unrs/resolver-binding-win32-ia32-msvc'
165 silly reify ]
166 verbose reify failed optional dependency /Users/macuser/Documents/develop/test-upload/node_modules/@unrs/resolver-binding-win32-arm64-msvc
167 silly reify mark deleted [
167 silly reify   '/Users/macuser/Documents/develop/test-upload/node_modules/@unrs/resolver-binding-win32-arm64-msvc'
167 silly reify ]
168 verbose reify failed optional dependency /Users/macuser/Documents/develop/test-upload/node_modules/@unrs/resolver-binding-wasm32-wasi
169 silly reify mark deleted [
169 silly reify   '/Users/macuser/Documents/develop/test-upload/node_modules/@unrs/resolver-binding-wasm32-wasi'
169 silly reify ]
170 verbose reify failed optional dependency /Users/macuser/Documents/develop/test-upload/node_modules/@unrs/resolver-binding-linux-x64-musl
171 silly reify mark deleted [
171 silly reify   '/Users/macuser/Documents/develop/test-upload/node_modules/@unrs/resolver-binding-linux-x64-musl'
171 silly reify ]
172 verbose reify failed optional dependency /Users/macuser/Documents/develop/test-upload/node_modules/@unrs/resolver-binding-linux-x64-gnu
173 silly reify mark deleted [
173 silly reify   '/Users/macuser/Documents/develop/test-upload/node_modules/@unrs/resolver-binding-linux-x64-gnu'
173 silly reify ]
174 verbose reify failed optional dependency /Users/macuser/Documents/develop/test-upload/node_modules/@unrs/resolver-binding-linux-s390x-gnu
175 silly reify mark deleted [
175 silly reify   '/Users/macuser/Documents/develop/test-upload/node_modules/@unrs/resolver-binding-linux-s390x-gnu'
175 silly reify ]
176 verbose reify failed optional dependency /Users/macuser/Documents/develop/test-upload/node_modules/@unrs/resolver-binding-linux-riscv64-musl
177 silly reify mark deleted [
177 silly reify   '/Users/macuser/Documents/develop/test-upload/node_modules/@unrs/resolver-binding-linux-riscv64-musl'
177 silly reify ]
178 verbose reify failed optional dependency /Users/macuser/Documents/develop/test-upload/node_modules/@unrs/resolver-binding-linux-riscv64-gnu
179 silly reify mark deleted [
179 silly reify   '/Users/macuser/Documents/develop/test-upload/node_modules/@unrs/resolver-binding-linux-riscv64-gnu'
179 silly reify ]
180 verbose reify failed optional dependency /Users/macuser/Documents/develop/test-upload/node_modules/@unrs/resolver-binding-linux-ppc64-gnu
181 silly reify mark deleted [
181 silly reify   '/Users/macuser/Documents/develop/test-upload/node_modules/@unrs/resolver-binding-linux-ppc64-gnu'
181 silly reify ]
182 verbose reify failed optional dependency /Users/macuser/Documents/develop/test-upload/node_modules/@unrs/resolver-binding-linux-arm64-musl
183 silly reify mark deleted [
183 silly reify   '/Users/macuser/Documents/develop/test-upload/node_modules/@unrs/resolver-binding-linux-arm64-musl'
183 silly reify ]
184 verbose reify failed optional dependency /Users/macuser/Documents/develop/test-upload/node_modules/@unrs/resolver-binding-linux-arm64-gnu
185 silly reify mark deleted [
185 silly reify   '/Users/macuser/Documents/develop/test-upload/node_modules/@unrs/resolver-binding-linux-arm64-gnu'
185 silly reify ]
186 verbose reify failed optional dependency /Users/macuser/Documents/develop/test-upload/node_modules/@unrs/resolver-binding-linux-arm-musleabihf
187 silly reify mark deleted [
187 silly reify   '/Users/macuser/Documents/develop/test-upload/node_modules/@unrs/resolver-binding-linux-arm-musleabihf'
187 silly reify ]
188 verbose reify failed optional dependency /Users/macuser/Documents/develop/test-upload/node_modules/@unrs/resolver-binding-linux-arm-gnueabihf
189 silly reify mark deleted [
189 silly reify   '/Users/macuser/Documents/develop/test-upload/node_modules/@unrs/resolver-binding-linux-arm-gnueabihf'
189 silly reify ]
190 verbose reify failed optional dependency /Users/macuser/Documents/develop/test-upload/node_modules/@unrs/resolver-binding-freebsd-x64
191 silly reify mark deleted [
191 silly reify   '/Users/macuser/Documents/develop/test-upload/node_modules/@unrs/resolver-binding-freebsd-x64'
191 silly reify ]
192 verbose reify failed optional dependency /Users/macuser/Documents/develop/test-upload/node_modules/@unrs/resolver-binding-darwin-x64
193 silly reify mark deleted [
193 silly reify   '/Users/macuser/Documents/develop/test-upload/node_modules/@unrs/resolver-binding-darwin-x64'
193 silly reify ]
194 verbose reify failed optional dependency /Users/macuser/Documents/develop/test-upload/node_modules/@unrs/resolver-binding-android-arm64
195 silly reify mark deleted [
195 silly reify   '/Users/macuser/Documents/develop/test-upload/node_modules/@unrs/resolver-binding-android-arm64'
195 silly reify ]
196 verbose reify failed optional dependency /Users/macuser/Documents/develop/test-upload/node_modules/@unrs/resolver-binding-android-arm-eabi
197 silly reify mark deleted [
197 silly reify   '/Users/macuser/Documents/develop/test-upload/node_modules/@unrs/resolver-binding-android-arm-eabi'
197 silly reify ]
198 verbose reify failed optional dependency /Users/macuser/Documents/develop/test-upload/node_modules/@tailwindcss/oxide-win32-x64-msvc
199 silly reify mark deleted [
199 silly reify   '/Users/macuser/Documents/develop/test-upload/node_modules/@tailwindcss/oxide-win32-x64-msvc'
199 silly reify ]
200 verbose reify failed optional dependency /Users/macuser/Documents/develop/test-upload/node_modules/@tailwindcss/oxide-win32-arm64-msvc
201 silly reify mark deleted [
201 silly reify   '/Users/macuser/Documents/develop/test-upload/node_modules/@tailwindcss/oxide-win32-arm64-msvc'
201 silly reify ]
202 verbose reify failed optional dependency /Users/macuser/Documents/develop/test-upload/node_modules/@tailwindcss/oxide-linux-x64-musl
203 silly reify mark deleted [
203 silly reify   '/Users/macuser/Documents/develop/test-upload/node_modules/@tailwindcss/oxide-linux-x64-musl'
203 silly reify ]
204 verbose reify failed optional dependency /Users/macuser/Documents/develop/test-upload/node_modules/@tailwindcss/oxide-linux-x64-gnu
205 silly reify mark deleted [
205 silly reify   '/Users/macuser/Documents/develop/test-upload/node_modules/@tailwindcss/oxide-linux-x64-gnu'
205 silly reify ]
206 verbose reify failed optional dependency /Users/macuser/Documents/develop/test-upload/node_modules/@tailwindcss/oxide-linux-arm64-musl
207 silly reify mark deleted [
207 silly reify   '/Users/macuser/Documents/develop/test-upload/node_modules/@tailwindcss/oxide-linux-arm64-musl'
207 silly reify ]
208 verbose reify failed optional dependency /Users/macuser/Documents/develop/test-upload/node_modules/@tailwindcss/oxide-linux-arm64-gnu
209 silly reify mark deleted [
209 silly reify   '/Users/macuser/Documents/develop/test-upload/node_modules/@tailwindcss/oxide-linux-arm64-gnu'
209 silly reify ]
210 verbose reify failed optional dependency /Users/macuser/Documents/develop/test-upload/node_modules/@tailwindcss/oxide-linux-arm-gnueabihf
211 silly reify mark deleted [
211 silly reify   '/Users/macuser/Documents/develop/test-upload/node_modules/@tailwindcss/oxide-linux-arm-gnueabihf'
211 silly reify ]
212 verbose reify failed optional dependency /Users/macuser/Documents/develop/test-upload/node_modules/@tailwindcss/oxide-freebsd-x64
213 silly reify mark deleted [
213 silly reify   '/Users/macuser/Documents/develop/test-upload/node_modules/@tailwindcss/oxide-freebsd-x64'
213 silly reify ]
214 verbose reify failed optional dependency /Users/macuser/Documents/develop/test-upload/node_modules/@tailwindcss/oxide-darwin-x64
215 silly reify mark deleted [
215 silly reify   '/Users/macuser/Documents/develop/test-upload/node_modules/@tailwindcss/oxide-darwin-x64'
215 silly reify ]
216 verbose reify failed optional dependency /Users/macuser/Documents/develop/test-upload/node_modules/@tailwindcss/oxide-android-arm64
217 silly reify mark deleted [
217 silly reify   '/Users/macuser/Documents/develop/test-upload/node_modules/@tailwindcss/oxide-android-arm64'
217 silly reify ]
218 verbose reify failed optional dependency /Users/macuser/Documents/develop/test-upload/node_modules/@next/swc-win32-x64-msvc
219 silly reify mark deleted [
219 silly reify   '/Users/macuser/Documents/develop/test-upload/node_modules/@next/swc-win32-x64-msvc'
219 silly reify ]
220 verbose reify failed optional dependency /Users/macuser/Documents/develop/test-upload/node_modules/@next/swc-win32-arm64-msvc
221 silly reify mark deleted [
221 silly reify   '/Users/macuser/Documents/develop/test-upload/node_modules/@next/swc-win32-arm64-msvc'
221 silly reify ]
222 verbose reify failed optional dependency /Users/macuser/Documents/develop/test-upload/node_modules/@next/swc-linux-x64-musl
223 silly reify mark deleted [
223 silly reify   '/Users/macuser/Documents/develop/test-upload/node_modules/@next/swc-linux-x64-musl'
223 silly reify ]
224 verbose reify failed optional dependency /Users/macuser/Documents/develop/test-upload/node_modules/@next/swc-linux-x64-gnu
225 silly reify mark deleted [
225 silly reify   '/Users/macuser/Documents/develop/test-upload/node_modules/@next/swc-linux-x64-gnu'
225 silly reify ]
226 verbose reify failed optional dependency /Users/macuser/Documents/develop/test-upload/node_modules/@next/swc-linux-arm64-musl
227 silly reify mark deleted [
227 silly reify   '/Users/macuser/Documents/develop/test-upload/node_modules/@next/swc-linux-arm64-musl'
227 silly reify ]
228 verbose reify failed optional dependency /Users/macuser/Documents/develop/test-upload/node_modules/@next/swc-linux-arm64-gnu
229 silly reify mark deleted [
229 silly reify   '/Users/macuser/Documents/develop/test-upload/node_modules/@next/swc-linux-arm64-gnu'
229 silly reify ]
230 verbose reify failed optional dependency /Users/macuser/Documents/develop/test-upload/node_modules/@next/swc-darwin-x64
231 silly reify mark deleted [
231 silly reify   '/Users/macuser/Documents/develop/test-upload/node_modules/@next/swc-darwin-x64'
231 silly reify ]
232 verbose reify failed optional dependency /Users/macuser/Documents/develop/test-upload/node_modules/@img/sharp-win32-x64
233 silly reify mark deleted [
233 silly reify   '/Users/macuser/Documents/develop/test-upload/node_modules/@img/sharp-win32-x64'
233 silly reify ]
234 verbose reify failed optional dependency /Users/macuser/Documents/develop/test-upload/node_modules/@img/sharp-win32-ia32
235 silly reify mark deleted [
235 silly reify   '/Users/macuser/Documents/develop/test-upload/node_modules/@img/sharp-win32-ia32'
235 silly reify ]
236 verbose reify failed optional dependency /Users/macuser/Documents/develop/test-upload/node_modules/@img/sharp-win32-arm64
237 silly reify mark deleted [
237 silly reify   '/Users/macuser/Documents/develop/test-upload/node_modules/@img/sharp-win32-arm64'
237 silly reify ]
238 verbose reify failed optional dependency /Users/macuser/Documents/develop/test-upload/node_modules/@img/sharp-wasm32
239 silly reify mark deleted [
239 silly reify   '/Users/macuser/Documents/develop/test-upload/node_modules/@img/sharp-wasm32'
239 silly reify ]
240 verbose reify failed optional dependency /Users/macuser/Documents/develop/test-upload/node_modules/@img/sharp-linuxmusl-x64
241 silly reify mark deleted [
241 silly reify   '/Users/macuser/Documents/develop/test-upload/node_modules/@img/sharp-linuxmusl-x64'
241 silly reify ]
242 verbose reify failed optional dependency /Users/macuser/Documents/develop/test-upload/node_modules/@img/sharp-linuxmusl-arm64
243 silly reify mark deleted [
243 silly reify   '/Users/macuser/Documents/develop/test-upload/node_modules/@img/sharp-linuxmusl-arm64'
243 silly reify ]
244 verbose reify failed optional dependency /Users/macuser/Documents/develop/test-upload/node_modules/@img/sharp-linux-x64
245 silly reify mark deleted [
245 silly reify   '/Users/macuser/Documents/develop/test-upload/node_modules/@img/sharp-linux-x64'
245 silly reify ]
246 verbose reify failed optional dependency /Users/macuser/Documents/develop/test-upload/node_modules/@img/sharp-linux-s390x
247 silly reify mark deleted [
247 silly reify   '/Users/macuser/Documents/develop/test-upload/node_modules/@img/sharp-linux-s390x'
247 silly reify ]
248 verbose reify failed optional dependency /Users/macuser/Documents/develop/test-upload/node_modules/@img/sharp-linux-riscv64
249 silly reify mark deleted [
249 silly reify   '/Users/macuser/Documents/develop/test-upload/node_modules/@img/sharp-linux-riscv64'
249 silly reify ]
250 verbose reify failed optional dependency /Users/macuser/Documents/develop/test-upload/node_modules/@img/sharp-linux-ppc64
251 silly reify mark deleted [
251 silly reify   '/Users/macuser/Documents/develop/test-upload/node_modules/@img/sharp-linux-ppc64'
251 silly reify ]
252 verbose reify failed optional dependency /Users/macuser/Documents/develop/test-upload/node_modules/@img/sharp-linux-arm64
253 silly reify mark deleted [
253 silly reify   '/Users/macuser/Documents/develop/test-upload/node_modules/@img/sharp-linux-arm64'
253 silly reify ]
254 verbose reify failed optional dependency /Users/macuser/Documents/develop/test-upload/node_modules/@img/sharp-linux-arm
255 silly reify mark deleted [
255 silly reify   '/Users/macuser/Documents/develop/test-upload/node_modules/@img/sharp-linux-arm'
255 silly reify ]
256 verbose reify failed optional dependency /Users/macuser/Documents/develop/test-upload/node_modules/@img/sharp-libvips-linuxmusl-x64
257 silly reify mark deleted [
257 silly reify   '/Users/macuser/Documents/develop/test-upload/node_modules/@img/sharp-libvips-linuxmusl-x64'
257 silly reify ]
258 verbose reify failed optional dependency /Users/macuser/Documents/develop/test-upload/node_modules/@img/sharp-libvips-linuxmusl-arm64
259 silly reify mark deleted [
259 silly reify   '/Users/macuser/Documents/develop/test-upload/node_modules/@img/sharp-libvips-linuxmusl-arm64'
259 silly reify ]
260 verbose reify failed optional dependency /Users/macuser/Documents/develop/test-upload/node_modules/@img/sharp-libvips-linux-x64
261 silly reify mark deleted [
261 silly reify   '/Users/macuser/Documents/develop/test-upload/node_modules/@img/sharp-libvips-linux-x64'
261 silly reify ]
262 verbose reify failed optional dependency /Users/macuser/Documents/develop/test-upload/node_modules/@img/sharp-libvips-linux-s390x
263 silly reify mark deleted [
263 silly reify   '/Users/macuser/Documents/develop/test-upload/node_modules/@img/sharp-libvips-linux-s390x'
263 silly reify ]
264 verbose reify failed optional dependency /Users/macuser/Documents/develop/test-upload/node_modules/@img/sharp-libvips-linux-riscv64
265 silly reify mark deleted [
265 silly reify   '/Users/macuser/Documents/develop/test-upload/node_modules/@img/sharp-libvips-linux-riscv64'
265 silly reify ]
266 verbose reify failed optional dependency /Users/macuser/Documents/develop/test-upload/node_modules/@img/sharp-libvips-linux-ppc64
267 silly reify mark deleted [
267 silly reify   '/Users/macuser/Documents/develop/test-upload/node_modules/@img/sharp-libvips-linux-ppc64'
267 silly reify ]
268 verbose reify failed optional dependency /Users/macuser/Documents/develop/test-upload/node_modules/@img/sharp-libvips-linux-arm64
269 silly reify mark deleted [
269 silly reify   '/Users/macuser/Documents/develop/test-upload/node_modules/@img/sharp-libvips-linux-arm64'
269 silly reify ]
270 verbose reify failed optional dependency /Users/macuser/Documents/develop/test-upload/node_modules/@img/sharp-libvips-linux-arm
271 silly reify mark deleted [
271 silly reify   '/Users/macuser/Documents/develop/test-upload/node_modules/@img/sharp-libvips-linux-arm'
271 silly reify ]
272 verbose reify failed optional dependency /Users/macuser/Documents/develop/test-upload/node_modules/@img/sharp-libvips-darwin-x64
273 silly reify mark deleted [
273 silly reify   '/Users/macuser/Documents/develop/test-upload/node_modules/@img/sharp-libvips-darwin-x64'
273 silly reify ]
274 verbose reify failed optional dependency /Users/macuser/Documents/develop/test-upload/node_modules/@img/sharp-darwin-x64
275 silly reify mark deleted [
275 silly reify   '/Users/macuser/Documents/develop/test-upload/node_modules/@img/sharp-darwin-x64'
275 silly reify ]
276 http cache toposort@https://registry.npmjs.org/toposort/-/toposort-2.0.2.tgz 0ms (cache hit)
277 http cache tiny-warning@https://registry.npmjs.org/tiny-warning/-/tiny-warning-1.0.3.tgz 0ms (cache hit)
278 http cache mime-db@https://registry.npmjs.org/mime-db/-/mime-db-1.52.0.tgz 0ms (cache hit)
279 http cache react-fast-compare@https://registry.npmjs.org/react-fast-compare/-/react-fast-compare-2.0.4.tgz 0ms (cache hit)
280 http cache lodash-es@https://registry.npmjs.org/lodash-es/-/lodash-es-4.18.1.tgz 0ms (cache hit)
281 http cache lodash@https://registry.npmjs.org/lodash/-/lodash-4.18.1.tgz 0ms (cache hit)
282 http cache tiny-case@https://registry.npmjs.org/tiny-case/-/tiny-case-1.0.3.tgz 0ms (cache hit)
283 http cache hoist-non-react-statics@https://registry.npmjs.org/hoist-non-react-statics/-/hoist-non-react-statics-3.3.2.tgz 0ms (cache hit)
284 http cache deepmerge@https://registry.npmjs.org/deepmerge/-/deepmerge-2.2.1.tgz 0ms (cache hit)
285 http cache @types/hoist-non-react-statics@https://registry.npmjs.org/@types/hoist-non-react-statics/-/hoist-non-react-statics-3.3.7.tgz 0ms (cache hit)
286 http cache delayed-stream@https://registry.npmjs.org/delayed-stream/-/delayed-stream-1.0.0.tgz 0ms (cache hit)
287 http cache mime-types@https://registry.npmjs.org/mime-types/-/mime-types-2.1.35.tgz 0ms (cache hit)
288 http cache asynckit@https://registry.npmjs.org/asynckit/-/asynckit-0.4.0.tgz 0ms (cache hit)
289 http cache form-data@https://registry.npmjs.org/form-data/-/form-data-4.0.5.tgz 0ms (cache hit)
290 http cache follow-redirects@https://registry.npmjs.org/follow-redirects/-/follow-redirects-1.16.0.tgz 0ms (cache hit)
291 http cache yup@https://registry.npmjs.org/yup/-/yup-1.7.1.tgz 0ms (cache hit)
292 http cache lucide-react@https://registry.npmjs.org/lucide-react/-/lucide-react-1.14.0.tgz 0ms (cache hit)
293 http cache combined-stream@https://registry.npmjs.org/combined-stream/-/combined-stream-1.0.8.tgz 0ms (cache hit)
294 http cache property-expr@https://registry.npmjs.org/property-expr/-/property-expr-2.0.6.tgz 0ms (cache hit)
295 http cache formik@https://registry.npmjs.org/formik/-/formik-2.4.9.tgz 0ms (cache hit)
296 http cache proxy-from-env@https://registry.npmjs.org/proxy-from-env/-/proxy-from-env-2.1.0.tgz 0ms (cache hit)
297 silly tarball no local data for toposort@https://registry.npmjs.org/toposort/-/toposort-2.0.2.tgz. Extracting by manifest.
298 silly tarball no local data for tiny-warning@https://registry.npmjs.org/tiny-warning/-/tiny-warning-1.0.3.tgz. Extracting by manifest.
299 silly tarball no local data for mime-db@https://registry.npmjs.org/mime-db/-/mime-db-1.52.0.tgz. Extracting by manifest.
300 silly tarball no local data for react-fast-compare@https://registry.npmjs.org/react-fast-compare/-/react-fast-compare-2.0.4.tgz. Extracting by manifest.
301 silly tarball no local data for lodash-es@https://registry.npmjs.org/lodash-es/-/lodash-es-4.18.1.tgz. Extracting by manifest.
302 silly tarball no local data for lodash@https://registry.npmjs.org/lodash/-/lodash-4.18.1.tgz. Extracting by manifest.
303 silly tarball no local data for tiny-case@https://registry.npmjs.org/tiny-case/-/tiny-case-1.0.3.tgz. Extracting by manifest.
304 silly tarball no local data for hoist-non-react-statics@https://registry.npmjs.org/hoist-non-react-statics/-/hoist-non-react-statics-3.3.2.tgz. Extracting by manifest.
305 silly tarball no local data for deepmerge@https://registry.npmjs.org/deepmerge/-/deepmerge-2.2.1.tgz. Extracting by manifest.
306 silly tarball no local data for @types/hoist-non-react-statics@https://registry.npmjs.org/@types/hoist-non-react-statics/-/hoist-non-react-statics-3.3.7.tgz. Extracting by manifest.
307 silly tarball no local data for delayed-stream@https://registry.npmjs.org/delayed-stream/-/delayed-stream-1.0.0.tgz. Extracting by manifest.
308 http cache axios@https://registry.npmjs.org/axios/-/axios-1.16.0.tgz 0ms (cache hit)
309 silly tarball no local data for mime-types@https://registry.npmjs.org/mime-types/-/mime-types-2.1.35.tgz. Extracting by manifest.
310 silly tarball no local data for asynckit@https://registry.npmjs.org/asynckit/-/asynckit-0.4.0.tgz. Extracting by manifest.
311 silly tarball no local data for form-data@https://registry.npmjs.org/form-data/-/form-data-4.0.5.tgz. Extracting by manifest.
312 silly tarball no local data for follow-redirects@https://registry.npmjs.org/follow-redirects/-/follow-redirects-1.16.0.tgz. Extracting by manifest.
313 silly tarball no local data for yup@https://registry.npmjs.org/yup/-/yup-1.7.1.tgz. Extracting by manifest.
314 silly tarball no local data for lucide-react@https://registry.npmjs.org/lucide-react/-/lucide-react-1.14.0.tgz. Extracting by manifest.
315 http cache type-fest@https://registry.npmjs.org/type-fest/-/type-fest-2.19.0.tgz 0ms (cache hit)
316 silly tarball no local data for combined-stream@https://registry.npmjs.org/combined-stream/-/combined-stream-1.0.8.tgz. Extracting by manifest.
317 silly tarball no local data for property-expr@https://registry.npmjs.org/property-expr/-/property-expr-2.0.6.tgz. Extracting by manifest.
318 silly tarball no local data for formik@https://registry.npmjs.org/formik/-/formik-2.4.9.tgz. Extracting by manifest.
319 silly tarball no local data for proxy-from-env@https://registry.npmjs.org/proxy-from-env/-/proxy-from-env-2.1.0.tgz. Extracting by manifest.
320 silly tarball no local data for axios@https://registry.npmjs.org/axios/-/axios-1.16.0.tgz. Extracting by manifest.
321 silly tarball no local data for type-fest@https://registry.npmjs.org/type-fest/-/type-fest-2.19.0.tgz. Extracting by manifest.
322 http fetch GET 200 https://registry.npmjs.org/toposort/-/toposort-2.0.2.tgz 61ms (cache miss)
323 http fetch GET 200 https://registry.npmjs.org/react-fast-compare/-/react-fast-compare-2.0.4.tgz 60ms (cache miss)
324 http fetch GET 200 https://registry.npmjs.org/tiny-warning/-/tiny-warning-1.0.3.tgz 61ms (cache miss)
325 http fetch GET 200 https://registry.npmjs.org/mime-db/-/mime-db-1.52.0.tgz 61ms (cache miss)
326 http fetch GET 200 https://registry.npmjs.org/follow-redirects/-/follow-redirects-1.16.0.tgz 86ms (cache miss)
327 http fetch GET 200 https://registry.npmjs.org/combined-stream/-/combined-stream-1.0.8.tgz 87ms (cache miss)
328 http fetch GET 200 https://registry.npmjs.org/property-expr/-/property-expr-2.0.6.tgz 94ms (cache miss)
329 http fetch GET 200 https://registry.npmjs.org/yup/-/yup-1.7.1.tgz 97ms (cache miss)
330 http fetch GET 200 https://registry.npmjs.org/tiny-case/-/tiny-case-1.0.3.tgz 105ms (cache miss)
331 http fetch GET 200 https://registry.npmjs.org/deepmerge/-/deepmerge-2.2.1.tgz 130ms (cache miss)
332 http fetch GET 200 https://registry.npmjs.org/proxy-from-env/-/proxy-from-env-2.1.0.tgz 130ms (cache miss)
333 http fetch GET 200 https://registry.npmjs.org/hoist-non-react-statics/-/hoist-non-react-statics-3.3.2.tgz 131ms (cache miss)
334 http fetch GET 200 https://registry.npmjs.org/delayed-stream/-/delayed-stream-1.0.0.tgz 132ms (cache miss)
335 http fetch GET 200 https://registry.npmjs.org/formik/-/formik-2.4.9.tgz 132ms (cache miss)
336 http fetch GET 200 https://registry.npmjs.org/mime-types/-/mime-types-2.1.35.tgz 134ms (cache miss)
337 http fetch GET 200 https://registry.npmjs.org/form-data/-/form-data-4.0.5.tgz 138ms (cache miss)
338 http fetch GET 200 https://registry.npmjs.org/asynckit/-/asynckit-0.4.0.tgz 139ms (cache miss)
339 http fetch GET 200 https://registry.npmjs.org/type-fest/-/type-fest-2.19.0.tgz 157ms (cache miss)
340 http fetch POST 200 https://registry.npmjs.org/-/npm/v1/security/advisories/bulk 197ms
341 silly audit report {
341 silly audit report   postcss: [
341 silly audit report     {
341 silly audit report       id: 1117015,
341 silly audit report       url: 'https://github.com/advisories/GHSA-qx2v-qp2m-jg93',
341 silly audit report       title: 'PostCSS has XSS via Unescaped </style> in its CSS Stringify Output',
341 silly audit report       severity: 'moderate',
341 silly audit report       vulnerable_versions: '<8.5.10',
341 silly audit report       cwe: [Array],
341 silly audit report       cvss: [Object]
341 silly audit report     }
341 silly audit report   ]
341 silly audit report }
342 silly packumentCache corgi:https://registry.npmjs.org/postcss cache-miss
343 http fetch GET 200 https://registry.npmjs.org/axios/-/axios-1.16.0.tgz 223ms (cache miss)
344 http fetch GET 200 https://registry.npmjs.org/postcss 57ms (cache miss)
345 silly packumentCache corgi:https://registry.npmjs.org/postcss set size:undefined disposed:false
346 silly packumentCache corgi:https://registry.npmjs.org/next cache-miss
347 http fetch GET 200 https://registry.npmjs.org/lodash-es/-/lodash-es-4.18.1.tgz 261ms (cache miss)
348 http fetch GET 200 https://registry.npmjs.org/@types/hoist-non-react-statics/-/hoist-non-react-statics-3.3.7.tgz 285ms (cache miss)
349 http fetch GET 200 https://registry.npmjs.org/lodash/-/lodash-4.18.1.tgz 325ms (cache miss)
350 http fetch GET 200 https://registry.npmjs.org/lucide-react/-/lucide-react-1.14.0.tgz 684ms (cache miss)
351 http fetch GET 200 https://registry.npmjs.org/next 438ms (cache miss)
352 silly packumentCache corgi:https://registry.npmjs.org/next set size:undefined disposed:false
353 silly ADD node_modules/type-fest
354 silly ADD node_modules/toposort
355 silly ADD node_modules/tiny-case
356 silly ADD node_modules/property-expr
357 silly ADD node_modules/mime-db
358 silly ADD node_modules/tiny-warning
359 silly ADD node_modules/react-fast-compare
360 silly ADD node_modules/lodash-es
361 silly ADD node_modules/lodash
362 silly ADD node_modules/hoist-non-react-statics
363 silly ADD node_modules/deepmerge
364 silly ADD node_modules/@types/hoist-non-react-statics
365 silly ADD node_modules/delayed-stream
366 silly ADD node_modules/mime-types
367 silly ADD node_modules/combined-stream
368 silly ADD node_modules/asynckit
369 silly ADD node_modules/proxy-from-env
370 silly ADD node_modules/form-data
371 silly ADD node_modules/follow-redirects
372 silly ADD node_modules/yup
373 silly ADD node_modules/lucide-react
374 silly ADD node_modules/formik
375 silly ADD node_modules/axios
376 silly ADD
377 silly ADD
378 silly ADD
379 silly ADD
380 silly ADD
381 silly ADD
382 silly ADD
383 silly ADD
384 silly ADD
385 silly ADD
386 silly ADD
387 silly ADD
388 silly ADD
389 silly ADD
390 silly ADD
391 silly ADD
392 silly ADD
393 silly ADD
394 silly ADD
395 silly ADD
396 silly ADD
397 silly ADD
398 silly ADD
399 silly ADD
400 silly ADD
401 silly ADD
402 silly ADD
403 silly ADD
404 silly ADD
405 silly ADD
406 silly ADD
407 silly ADD
408 silly ADD
409 silly ADD
410 silly ADD
411 silly ADD
412 silly ADD
413 silly ADD
414 silly ADD
415 silly ADD
416 silly ADD
417 silly ADD
418 silly ADD
419 silly ADD
420 silly ADD
421 silly ADD
422 silly ADD
423 silly ADD
424 silly ADD
425 silly ADD
426 silly ADD
427 silly ADD
428 silly ADD
429 silly ADD
430 silly ADD
431 silly ADD
432 silly ADD
433 silly ADD
434 silly ADD
435 silly ADD
436 silly ADD
437 silly ADD
438 silly ADD
439 silly ADD
440 silly ADD
441 silly ADD
442 silly ADD
443 silly ADD
444 verbose cwd /Users/macuser/Documents/develop/test-upload
445 verbose os Darwin 24.6.0
446 verbose node v22.21.1
447 verbose npm  v10.9.4
448 notice
448 notice New [31mmajor[39m version of npm available! [31m10.9.4[39m -> [34m11.13.0[39m
448 notice Changelog: [34mhttps://github.com/npm/cli/releases/tag/v11.13.0[39m
448 notice To update run: [4mnpm install -g npm@11.13.0[24m
448 notice  { force: true, [Symbol(proc-log.meta)]: true }
449 verbose exit 0
450 info ok
